# JRE version: Java(TM) SE Runtime Environment (22.0.1+8) (build 22.0.1+8-16)
# Java VM: Java HotSpot(TM) 64-Bit Server VM (22.0.1+8-16, mixed mode, sharing, tiered, compressed oops, compressed class ptrs, g1 gc, windows-amd64)
GC Precious Log:
 CardTable entry size: 512
 Card Set container configuration: InlinePtr #cards 4 size 8 Array Of Cards #cards 32 size 80 Howl #buckets 8 coarsen threshold 7372 Howl Bitmap #cards 1024 size 144 coarsen threshold 921 Card regions per heap region 1 cards per card region 8192
 CPUs: 2 total, 2 available
 Memory: 3460M
 Large Page Support: Disabled
 NUMA Support: Disabled
 Compressed Oops: Enabled (Zero based)
 Heap Region Size: 4M
 Heap Min Capacity: 8M
 Heap Initial Capacity: 56M
 Heap Max Capacity: 8G
 Pre-touch: Disabled
 Parallel Workers: 2
 Concurrent Workers: 1
 Concurrent Refinement Workers: 2
 Periodic GC: Disabled
Heap:
 garbage-first heap   total reserved 8388608K, committed 1568768K, used 242158K [0x0000000600000000, 0x0000000800000000)
  region size 4096K, 1 young (4096K), 1 survivors (4096K)
 Metaspace       used 166485K, committed 169344K, reserved 1245184K
  class space    used 21378K, committed 22720K, reserved 1048576K
GC Heap History (20 events):
Event: 518.642 GC heap after
{Heap after GC invocations=123 (full 0):
 garbage-first heap   total reserved 8388608K, committed 1568768K, used 221379K [0x0000000600000000, 0x0000000800000000)
  region size 4096K, 6 young (24576K), 6 survivors (24576K)
 Metaspace       used 160720K, committed 163456K, reserved 1245184K
  class space    used 20716K, committed 22016K, reserved 1048576K
}
Event: 523.553 GC heap before
{Heap before GC invocations=123 (full 0):
 garbage-first heap   total reserved 8388608K, committed 1568768K, used 594115K [0x0000000600000000, 0x0000000800000000)
  region size 4096K, 97 young (397312K), 6 survivors (24576K)
 Metaspace       used 160721K, committed 163456K, reserved 1245184K
  class space    used 20716K, committed 22016K, reserved 1048576K
}
Event: 523.664 GC heap after
{Heap after GC invocations=124 (full 0):
 garbage-first heap   total reserved 8388608K, committed 1568768K, used 225740K [0x0000000600000000, 0x0000000800000000)
  region size 4096K, 7 young (28672K), 7 survivors (28672K)
 Metaspace       used 160721K, committed 163456K, reserved 1245184K
  class space    used 20716K, committed 22016K, reserved 1048576K
}
Event: 531.395 GC heap before
{Heap before GC invocations=125 (full 0):
 garbage-first heap   total reserved 8388608K, committed 765952K, used 577996K [0x0000000600000000, 0x0000000800000000)
  region size 4096K, 93 young (380928K), 7 survivors (28672K)
 Metaspace       used 160722K, committed 163456K, reserved 1245184K
  class space    used 20716K, committed 22016K, reserved 1048576K
}
Event: 531.609 GC heap after
{Heap after GC invocations=126 (full 0):
 garbage-first heap   total reserved 8388608K, committed 765952K, used 227757K [0x0000000600000000, 0x0000000800000000)
  region size 4096K, 9 young (36864K), 9 survivors (36864K)
 Metaspace       used 160722K, committed 163456K, reserved 1245184K
  class space    used 20716K, committed 22016K, reserved 1048576K
}
Event: 534.224 GC heap before
{Heap before GC invocations=126 (full 0):
 garbage-first heap   total reserved 8388608K, committed 765952K, used 649645K [0x0000000600000000, 0x0000000800000000)
  region size 4096K, 112 young (458752K), 9 survivors (36864K)
 Metaspace       used 160722K, committed 163456K, reserved 1245184K
  class space    used 20716K, committed 22016K, reserved 1048576K
}
Event: 534.421 GC heap after
{Heap after GC invocations=127 (full 0):
 garbage-first heap   total reserved 8388608K, committed 765952K, used 221330K [0x0000000600000000, 0x0000000800000000)
  region size 4096K, 6 young (24576K), 6 survivors (24576K)
 Metaspace       used 160722K, committed 163456K, reserved 1245184K
  class space    used 20716K, committed 22016K, reserved 1048576K
}
Event: 537.376 GC heap before
{Heap before GC invocations=127 (full 0):
 garbage-first heap   total reserved 8388608K, committed 765952K, used 635026K [0x0000000600000000, 0x0000000800000000)
  region size 4096K, 107 young (438272K), 6 survivors (24576K)
 Metaspace       used 160779K, committed 163584K, reserved 1245184K
  class space    used 20720K, committed 22080K, reserved 1048576K
}
Event: 537.433 GC heap after
{Heap after GC invocations=128 (full 0):
 garbage-first heap   total reserved 8388608K, committed 765952K, used 219282K [0x0000000600000000, 0x0000000800000000)
  region size 4096K, 6 young (24576K), 6 survivors (24576K)
 Metaspace       used 160779K, committed 163584K, reserved 1245184K
  class space    used 20720K, committed 22080K, reserved 1048576K
}
Event: 541.545 GC heap before
{Heap before GC invocations=129 (full 0):
 garbage-first heap   total reserved 8388608K, committed 753664K, used 645266K [0x0000000600000000, 0x0000000800000000)
  region size 4096K, 110 young (450560K), 6 survivors (24576K)
 Metaspace       used 160781K, committed 163584K, reserved 1245184K
  class space    used 20720K, committed 22080K, reserved 1048576K
}
Event: 541.574 GC heap after
{Heap after GC invocations=130 (full 0):
 garbage-first heap   total reserved 8388608K, committed 753664K, used 217234K [0x0000000600000000, 0x0000000800000000)
  region size 4096K, 5 young (20480K), 5 survivors (20480K)
 Metaspace       used 160781K, committed 163584K, reserved 1245184K
  class space    used 20720K, committed 22080K, reserved 1048576K
}
Event: 750.954 GC heap before
{Heap before GC invocations=130 (full 0):
 garbage-first heap   total reserved 8388608K, committed 753664K, used 647314K [0x0000000600000000, 0x0000000800000000)
  region size 4096K, 110 young (450560K), 5 survivors (20480K)
 Metaspace       used 166376K, committed 169152K, reserved 1245184K
  class space    used 21376K, committed 22720K, reserved 1048576K
}
Event: 752.650 GC heap after
{Heap after GC invocations=131 (full 0):
 garbage-first heap   total reserved 8388608K, committed 753664K, used 226428K [0x0000000600000000, 0x0000000800000000)
  region size 4096K, 8 young (32768K), 8 survivors (32768K)
 Metaspace       used 166376K, committed 169152K, reserved 1245184K
  class space    used 21376K, committed 22720K, reserved 1048576K
}
Event: 758.928 GC heap before
{Heap before GC invocations=131 (full 0):
 garbage-first heap   total reserved 8388608K, committed 753664K, used 586876K [0x0000000600000000, 0x0000000800000000)
  region size 4096K, 97 young (397312K), 8 survivors (32768K)
 Metaspace       used 166402K, committed 169216K, reserved 1245184K
  class space    used 21377K, committed 22720K, reserved 1048576K
}
Event: 759.100 GC heap after
{Heap after GC invocations=132 (full 0):
 garbage-first heap   total reserved 8388608K, committed 753664K, used 238739K [0x0000000600000000, 0x0000000800000000)
  region size 4096K, 10 young (40960K), 10 survivors (40960K)
 Metaspace       used 166402K, committed 169216K, reserved 1245184K
  class space    used 21377K, committed 22720K, reserved 1048576K
}
Event: 763.214 GC heap before
{Heap before GC invocations=133 (full 0):
 garbage-first heap   total reserved 8388608K, committed 753664K, used 378003K [0x0000000600000000, 0x0000000800000000)
  region size 4096K, 44 young (180224K), 10 survivors (40960K)
 Metaspace       used 166449K, committed 169280K, reserved 1245184K
  class space    used 21377K, committed 22720K, reserved 1048576K
}
Event: 763.466 GC heap after
{Heap after GC invocations=134 (full 0):
 garbage-first heap   total reserved 8388608K, committed 753664K, used 240955K [0x0000000600000000, 0x0000000800000000)
  region size 4096K, 1 young (4096K), 1 survivors (4096K)
 Metaspace       used 166449K, committed 169280K, reserved 1245184K
  class space    used 21377K, committed 22720K, reserved 1048576K
}
Event: 764.545 GC heap before
{Heap before GC invocations=134 (full 0):
 garbage-first heap   total reserved 8388608K, committed 753664K, used 273723K [0x0000000600000000, 0x0000000800000000)
  region size 4096K, 9 young (36864K), 1 survivors (4096K)
 Metaspace       used 166476K, committed 169344K, reserved 1245184K
  class space    used 21378K, committed 22720K, reserved 1048576K
}
Event: 764.562 GC heap after
{Heap after GC invocations=135 (full 0):
 garbage-first heap   total reserved 8388608K, committed 753664K, used 241809K [0x0000000600000000, 0x0000000800000000)
  region size 4096K, 2 young (8192K), 2 survivors (8192K)
 Metaspace       used 166476K, committed 169344K, reserved 1245184K
  class space    used 21378K, committed 22720K, reserved 1048576K
}
Event: 764.954 GC heap before
{Heap before GC invocations=135 (full 0):
 garbage-first heap   total reserved 8388608K, committed 753664K, used 266385K [0x0000000600000000, 0x0000000800000000)
  region size 4096K, 9 young (36864K), 2 survivors (8192K)
 Metaspace       used 166485K, committed 169344K, reserved 1245184K
  class space    used 21378K, committed 22720K, reserved 1048576K
}

